<?xml version="1.0" encoding="UTF-8"?>
<testsuite xmlns:xsi="http://www.w3.org/2001/XMLSchema-instance" xsi:noNamespaceSchemaLocation="https://maven.apache.org/surefire/maven-surefire-plugin/xsd/surefire-test-report-3.0.xsd" version="3.0" name="com.SanosySalvos.Mascotas.controller.MascotaControllerTest" time="3.14" tests="8" errors="0" skipped="0" failures="0">
  <properties>
[...]
</properties>
  <testcase name="updateMascota_ShouldReturn404_WhenNotExists" classname="com.SanosySalvos.Mascotas.controller.MascotaControllerTest" time="0.248">
    <system-out><![CDATA[23:00:29.145 [main] INFO org.springframework.test.context.support.AnnotationConfigContextLoaderUtils -- Could not detect default configuration classes for test class [com.SanosySalvos.Mascotas.controller.MascotaControllerTest]: MascotaControllerTest does not declare any static, non-private, non-final, nested classes annotated with @Configuration.
23:00:29.289 [main] INFO org.springframework.boot.test.context.SpringBootTestContextBootstrapper -- Found @SpringBootConfiguration com.SanosySalvos.Mascotas.MascotasApplication for test class com.SanosySalvos.Mascotas.controller.MascotaControllerTest
  .   ____          _            __ _ _
 /\\ / ___'_ __ _ _(_)_ __  __ _ \ \ \ \
( ( )\___ | '_ | '_| | '_ \/ _` | \ \ \ \
 \\/  ___)| |_)| | | | | || (_| |  ) ) ) )
  '  |____| .__|_| |_|_| |_\__, | / / / /
 =========|_|==============|___/=/_/_/_/

 :: Spring Boot ::                (v3.3.0)

2026-05-24T23:00:29.643-04:00  INFO 24936 --- [Mascotas] [           main] c.S.M.controller.MascotaControllerTest   : Starting MascotaControllerTest using Java 21.0.8 with PID 24936 (started by elcam in C:\Users\elcam\OneDrive\Desktop\Mascotas\Mascotas)
2026-05-24T23:00:29.646-04:00  INFO 24936 --- [Mascotas] [           main] c.S.M.controller.MascotaControllerTest   : No active profile set, falling back to 1 default profile: "default"
2026-05-24T23:00:31.730-04:00  INFO 24936 --- [Mascotas] [           main] o.s.b.t.m.w.SpringBootMockServletContext : Initializing Spring TestDispatcherServlet ''
2026-05-24T23:00:31.730-04:00  INFO 24936 --- [Mascotas] [           main] o.s.t.web.servlet.TestDispatcherServlet  : Initializing Servlet ''
2026-05-24T23:00:31.732-04:00  INFO 24936 --- [Mascotas] [           main] o.s.t.web.servlet.TestDispatcherServlet  : Completed initialization in 1 ms
2026-05-24T23:00:31.760-04:00  INFO 24936 --- [Mascotas] [           main] c.S.M.controller.MascotaControllerTest   : Started MascotaControllerTest in 2.392 seconds (process running for 3.278)
]]></system-out>
    <system-err><![CDATA[WARNING: A Java agent has been loaded dynamically (C:\Users\elcam\.m2\repository\net\bytebuddy\byte-buddy-agent\1.14.16\byte-buddy-agent-1.14.16.jar)
WARNING: If a serviceability tool is in use, please run with -XX:+EnableDynamicAgentLoading to hide this warning
WARNING: If a serviceability tool is not in use, please run with -Djdk.instrument.traceUsage for more information
WARNING: Dynamic loading of agents will be disallowed by default in a future release
]]></system-err>
  </testcase>
  <testcase name="deleteMascota_ShouldReturn404_WhenNotExists" classname="com.SanosySalvos.Mascotas.controller.MascotaControllerTest" time="0.007"/>
  <testcase name="updateMascota_ShouldReturn200_WhenExists" classname="com.SanosySalvos.Mascotas.controller.MascotaControllerTest" time="0.052"/>
  <testcase name="deleteMascota_ShouldReturn204_WhenExists" classname="com.SanosySalvos.Mascotas.controller.MascotaControllerTest" time="0.006"/>
  <testcase name="getMascotaById_ShouldReturn404_WhenNotExists" classname="com.SanosySalvos.Mascotas.controller.MascotaControllerTest" time="0.005"/>
  <testcase name="getMascotaById_ShouldReturn200_WhenExists" classname="com.SanosySalvos.Mascotas.controller.MascotaControllerTest" time="0.004"/>
  <testcase name="createMascota_ShouldReturn200" classname="com.SanosySalvos.Mascotas.controller.MascotaControllerTest" time="0.005"/>
  <testcase name="getAllMascotas_ShouldReturn200" classname="com.SanosySalvos.Mascotas.controller.MascotaControllerTest" time="0.011"/>
</testsuite>